Replace Part C2 Cap in C:\Users\johnc\Documents\Proyectos\Arriquitaun2.0\Arriquitaun\Arriquitaun.SchDoc with Cap from Miscellaneous Devices.IntLib
Replace Part C3 Cap in C:\Users\johnc\Documents\Proyectos\Arriquitaun2.0\Arriquitaun\Arriquitaun.SchDoc with Cap from Miscellaneous Devices.IntLib
Replace Part IC1 IS62WVS2568FBLL-20NLI in C:\Users\johnc\Documents\Proyectos\Arriquitaun2.0\Arriquitaun\Arriquitaun.SchDoc with IS62WVS2568FBLL-20NLI from Arriquitaun.SchLib
Replace Part IC2 AT25SF041-SSHD-T in C:\Users\johnc\Documents\Proyectos\Arriquitaun2.0\Arriquitaun\Arriquitaun.SchDoc with AT25SF041-SSHD-T from Arriquitaun.SchLib
Replace Part J1 RCA in C:\Users\johnc\Documents\Proyectos\Arriquitaun2.0\Arriquitaun\Arriquitaun.SchDoc with RCA from Miscellaneous Connectors.IntLib
Replace Part J2 RCA in C:\Users\johnc\Documents\Proyectos\Arriquitaun2.0\Arriquitaun\Arriquitaun.SchDoc with RCA from Miscellaneous Connectors.IntLib
Replace Part P2 Header 6H in C:\Users\johnc\Documents\Proyectos\Arriquitaun2.0\Arriquitaun\Arriquitaun.SchDoc with Header 6H from Miscellaneous Connectors.IntLib
Replace Part P3 Header 5X2 in C:\Users\johnc\Documents\Proyectos\Arriquitaun2.0\Arriquitaun\Arriquitaun.SchDoc with Header 5X2 from Miscellaneous Connectors.IntLib
Replace Part P4 Header 2 in C:\Users\johnc\Documents\Proyectos\Arriquitaun2.0\Arriquitaun\Arriquitaun.SchDoc with Header 2 from Miscellaneous Connectors.IntLib
Replace Part R7 Res3 in C:\Users\johnc\Documents\Proyectos\Arriquitaun2.0\Arriquitaun\Arriquitaun.SchDoc with Res3 from Miscellaneous Devices.IntLib
Replace Part R8 Res3 in C:\Users\johnc\Documents\Proyectos\Arriquitaun2.0\Arriquitaun\Arriquitaun.SchDoc with Res3 from Miscellaneous Devices.IntLib
Replace Part R9 Res3 in C:\Users\johnc\Documents\Proyectos\Arriquitaun2.0\Arriquitaun\Arriquitaun.SchDoc with Res3 from Miscellaneous Devices.IntLib
Replace Part R10 Res3 in C:\Users\johnc\Documents\Proyectos\Arriquitaun2.0\Arriquitaun\Arriquitaun.SchDoc with Res3 from Miscellaneous Devices.IntLib
Replace Part R12 Res3 in C:\Users\johnc\Documents\Proyectos\Arriquitaun2.0\Arriquitaun\Arriquitaun.SchDoc with Res3 from Miscellaneous Devices.IntLib
Replace Part R13 Res3 in C:\Users\johnc\Documents\Proyectos\Arriquitaun2.0\Arriquitaun\Arriquitaun.SchDoc with Res3 from Miscellaneous Devices.IntLib
Replace Part R14 Res3 in C:\Users\johnc\Documents\Proyectos\Arriquitaun2.0\Arriquitaun\Arriquitaun.SchDoc with Res3 from Miscellaneous Devices.IntLib
Replace Part R15 Res3 in C:\Users\johnc\Documents\Proyectos\Arriquitaun2.0\Arriquitaun\Arriquitaun.SchDoc with Res3 from Miscellaneous Devices.IntLib
Replace Part R16 Res3 in C:\Users\johnc\Documents\Proyectos\Arriquitaun2.0\Arriquitaun\Arriquitaun.SchDoc with Res3 from Miscellaneous Devices.IntLib
Replace Part R17 Res3 in C:\Users\johnc\Documents\Proyectos\Arriquitaun2.0\Arriquitaun\Arriquitaun.SchDoc with Res3 from Miscellaneous Devices.IntLib
Replace Part R18 Res3 in C:\Users\johnc\Documents\Proyectos\Arriquitaun2.0\Arriquitaun\Arriquitaun.SchDoc with Res3 from Miscellaneous Devices.IntLib
Replace Part R19 Res3 in C:\Users\johnc\Documents\Proyectos\Arriquitaun2.0\Arriquitaun\Arriquitaun.SchDoc with Res3 from Miscellaneous Devices.IntLib
Replace Part R20 Res3 in C:\Users\johnc\Documents\Proyectos\Arriquitaun2.0\Arriquitaun\Arriquitaun.SchDoc with Res3 from Miscellaneous Devices.IntLib
Replace Part R21 Res3 in C:\Users\johnc\Documents\Proyectos\Arriquitaun2.0\Arriquitaun\Arriquitaun.SchDoc with Res3 from Miscellaneous Devices.IntLib
Replace Part R22 Res3 in C:\Users\johnc\Documents\Proyectos\Arriquitaun2.0\Arriquitaun\Arriquitaun.SchDoc with Res3 from Miscellaneous Devices.IntLib
Replace Part R23 Res3 in C:\Users\johnc\Documents\Proyectos\Arriquitaun2.0\Arriquitaun\Arriquitaun.SchDoc with Res3 from Miscellaneous Devices.IntLib
Replace Part R24 Res3 in C:\Users\johnc\Documents\Proyectos\Arriquitaun2.0\Arriquitaun\Arriquitaun.SchDoc with Res3 from Miscellaneous Devices.IntLib
Replace Part R25 Res3 in C:\Users\johnc\Documents\Proyectos\Arriquitaun2.0\Arriquitaun\Arriquitaun.SchDoc with Res3 from Miscellaneous Devices.IntLib
Replace Part R26 Res3 in C:\Users\johnc\Documents\Proyectos\Arriquitaun2.0\Arriquitaun\Arriquitaun.SchDoc with Res3 from Miscellaneous Devices.IntLib
Replace Part R27 Res3 in C:\Users\johnc\Documents\Proyectos\Arriquitaun2.0\Arriquitaun\Arriquitaun.SchDoc with Res3 from Miscellaneous Devices.IntLib
Replace Part S1 FSM100 in C:\Users\johnc\Documents\Proyectos\Arriquitaun2.0\Arriquitaun\Arriquitaun.SchDoc with FSM100 from Arriquitaun.SchLib
Replace Part S2 FSM100 in C:\Users\johnc\Documents\Proyectos\Arriquitaun2.0\Arriquitaun\Arriquitaun.SchDoc with FSM100 from Arriquitaun.SchLib
Replace Part S3 FSM100 in C:\Users\johnc\Documents\Proyectos\Arriquitaun2.0\Arriquitaun\Arriquitaun.SchDoc with FSM100 from Arriquitaun.SchLib
Replace Part S4 FSM100 in C:\Users\johnc\Documents\Proyectos\Arriquitaun2.0\Arriquitaun\Arriquitaun.SchDoc with FSM100 from Arriquitaun.SchLib
Replace Part S5 FSM100 in C:\Users\johnc\Documents\Proyectos\Arriquitaun2.0\Arriquitaun\Arriquitaun.SchDoc with FSM100 from Arriquitaun.SchLib
Replace Part S6 FSM100 in C:\Users\johnc\Documents\Proyectos\Arriquitaun2.0\Arriquitaun\Arriquitaun.SchDoc with FSM100 from Arriquitaun.SchLib
Replace Part U2 ATmega644PA-AUR in C:\Users\johnc\Documents\Proyectos\Arriquitaun2.0\Arriquitaun\Arriquitaun.SchDoc with ATmega644PA-AUR from Arriquitaun.SchLib
Replace Part U3 FT2232HL-Tray in C:\Users\johnc\Documents\Proyectos\Arriquitaun2.0\Arriquitaun\Arriquitaun.SchDoc with FT2232HL-Tray from Arriquitaun.SchLib
Replace Part U4 7C-8.000MBB-T in C:\Users\johnc\Documents\Proyectos\Arriquitaun2.0\Arriquitaun\Arriquitaun.SchDoc with 7C-8.000MBB-T from Arriquitaun.SchLib
Replace Part U5 M93C46-WMN6P in C:\Users\johnc\Documents\Proyectos\Arriquitaun2.0\Arriquitaun\Arriquitaun.SchDoc with M93C46-WMN6P from Arriquitaun.SchLib
Replace Part U6 EVQ-Q2D01W in C:\Users\johnc\Documents\Proyectos\Arriquitaun2.0\Arriquitaun\Arriquitaun.SchDoc with EVQ-Q2D01W from Arriquitaun.SchLib
