Replace Part D1 5988210107F in C:\Users\johnc\Documents\Proyectos\Arriquitaun2.0\Arriquitaun\Arriquitaun.SchDoc with 5988210107F from Arriquitaun.SchLib
Replace Part D2 5988210107F in C:\Users\johnc\Documents\Proyectos\Arriquitaun2.0\Arriquitaun\Arriquitaun.SchDoc with 5988210107F from Arriquitaun.SchLib
Replace Part D3 5988210107F in C:\Users\johnc\Documents\Proyectos\Arriquitaun2.0\Arriquitaun\Arriquitaun.SchDoc with 5988210107F from Arriquitaun.SchLib
Replace Part D4 5988210107F in C:\Users\johnc\Documents\Proyectos\Arriquitaun2.0\Arriquitaun\Arriquitaun.SchDoc with 5988210107F from Arriquitaun.SchLib
Replace Part D5 5988210107F in C:\Users\johnc\Documents\Proyectos\Arriquitaun2.0\Arriquitaun\Arriquitaun.SchDoc with 5988210107F from Arriquitaun.SchLib
Replace Part D6 5988210107F in C:\Users\johnc\Documents\Proyectos\Arriquitaun2.0\Arriquitaun\Arriquitaun.SchDoc with 5988210107F from Arriquitaun.SchLib
Replace Part D7 5988210107F in C:\Users\johnc\Documents\Proyectos\Arriquitaun2.0\Arriquitaun\Arriquitaun.SchDoc with 5988210107F from Arriquitaun.SchLib
Replace Part D8 5988210107F in C:\Users\johnc\Documents\Proyectos\Arriquitaun2.0\Arriquitaun\Arriquitaun.SchDoc with 5988210107F from Arriquitaun.SchLib
Replace Part IC1 IS62WVS2568FBLL-20NLI in C:\Users\johnc\Documents\Proyectos\Arriquitaun2.0\Arriquitaun\Arriquitaun.SchDoc with IS62WVS2568FBLL-20NLI from Arriquitaun.SchLib
Replace Part IC2 AT25SF041-SSHD-T in C:\Users\johnc\Documents\Proyectos\Arriquitaun2.0\Arriquitaun\Arriquitaun.SchDoc with AT25SF041-SSHD-T from Arriquitaun.SchLib
Replace Part J1 RCA in C:\Users\johnc\Documents\Proyectos\Arriquitaun2.0\Arriquitaun\Arriquitaun.SchDoc with RCA from Miscellaneous Connectors.IntLib
Replace Part J2 RCA in C:\Users\johnc\Documents\Proyectos\Arriquitaun2.0\Arriquitaun\Arriquitaun.SchDoc with RCA from Miscellaneous Connectors.IntLib
Replace Part P1 47346-0001 in C:\Users\johnc\Documents\Proyectos\Arriquitaun2.0\Arriquitaun\Arriquitaun.SchDoc with 47346-0001 from Arriquitaun.SchLib
Replace Part P4 L77HDE15SD1CO in C:\Users\johnc\Documents\Proyectos\Arriquitaun2.0\Arriquitaun\Arriquitaun.SchDoc with L77HDE15SD1CO from Arriquitaun.SchLib
Replace Part S1 FSM100 in C:\Users\johnc\Documents\Proyectos\Arriquitaun2.0\Arriquitaun\Arriquitaun.SchDoc with FSM100 from Arriquitaun.SchLib
Replace Part S2 FSM100 in C:\Users\johnc\Documents\Proyectos\Arriquitaun2.0\Arriquitaun\Arriquitaun.SchDoc with FSM100 from Arriquitaun.SchLib
Replace Part S3 FSM100 in C:\Users\johnc\Documents\Proyectos\Arriquitaun2.0\Arriquitaun\Arriquitaun.SchDoc with FSM100 from Arriquitaun.SchLib
Replace Part S4 FSM100 in C:\Users\johnc\Documents\Proyectos\Arriquitaun2.0\Arriquitaun\Arriquitaun.SchDoc with FSM100 from Arriquitaun.SchLib
Replace Part S5 FSM100 in C:\Users\johnc\Documents\Proyectos\Arriquitaun2.0\Arriquitaun\Arriquitaun.SchDoc with FSM100 from Arriquitaun.SchLib
Replace Part S6 FSM100 in C:\Users\johnc\Documents\Proyectos\Arriquitaun2.0\Arriquitaun\Arriquitaun.SchDoc with FSM100 from Arriquitaun.SchLib
Replace Part S7 STSSS2222 in C:\Users\johnc\Documents\Proyectos\Arriquitaun2.0\Arriquitaun\Arriquitaun.SchDoc with STSSS2222 from Arriquitaun.SchLib
Replace Part U1 ICE40UP5K-SG48ITR50 in C:\Users\johnc\Documents\Proyectos\Arriquitaun2.0\Arriquitaun\Arriquitaun.SchDoc with ICE40UP5K-SG48ITR50 from Arriquitaun.SchLib
Replace Part U2 ATmega644PA-AUR in C:\Users\johnc\Documents\Proyectos\Arriquitaun2.0\Arriquitaun\Arriquitaun.SchDoc with ATmega644PA-AUR from Arriquitaun.SchLib
Replace Part U3 FT2232HL-Tray in C:\Users\johnc\Documents\Proyectos\Arriquitaun2.0\Arriquitaun\Arriquitaun.SchDoc with FT2232HL-Tray from Arriquitaun.SchLib
Replace Part U4 7C-8.000MBB-T in C:\Users\johnc\Documents\Proyectos\Arriquitaun2.0\Arriquitaun\Arriquitaun.SchDoc with 7C-8.000MBB-T from Arriquitaun.SchLib
Replace Part U5 M93C46-WMN6P in C:\Users\johnc\Documents\Proyectos\Arriquitaun2.0\Arriquitaun\Arriquitaun.SchDoc with M93C46-WMN6P from Arriquitaun.SchLib
Replace Part U6 EVQ-Q2D01W in C:\Users\johnc\Documents\Proyectos\Arriquitaun2.0\Arriquitaun\Arriquitaun.SchDoc with EVQ-Q2D01W from Arriquitaun.SchLib
Replace Part U7 LD1117S33CTR in C:\Users\johnc\Documents\Proyectos\Arriquitaun2.0\Arriquitaun\Arriquitaun.SchDoc with LD1117S33CTR from Arriquitaun.SchLib
Replace Part U8 TLV117112DCYR in C:\Users\johnc\Documents\Proyectos\Arriquitaun2.0\Arriquitaun\Arriquitaun.SchDoc with TLV117112DCYR from Arriquitaun.SchLib
Replace Part Y1 NX3225SA-12MHZ-STD-CSR-3 in C:\Users\johnc\Documents\Proyectos\Arriquitaun2.0\Arriquitaun\Arriquitaun.SchDoc with NX3225SA-12MHZ-STD-CSR-3 from Arriquitaun.SchLib
