Removed Pin From Net: NetName=NetR1_1 Pin=U1-29
Removed Pin From Net: NetName=NetR3_1 Pin=U1-30
Added Component: Designator=D6(1206 - LED)
Added Component: Designator=D7(1206 - LED)
Added Component: Designator=R30(c1206)
Added Component: Designator=R31(c1206)
Added Pin To Net: NetName=AGND Pin=R30-1
Added Pin To Net: NetName=AGND Pin=R31-1
Added Pin To Net: NetName=NetR1_1 Pin=U1-54
Added Pin To Net: NetName=NetR3_1 Pin=U1-55
Added Pin To Net: NetName=SDA Pin=U5-26
Added Pin To Net: NetName=SCL Pin=U5-27
Added Pin To Net: NetName=LED3 Pin=D6-1
Added Pin To Net: NetName=LED3 Pin=U5-25
Added Net: Name=LED3
Added Pin To Net: NetName=LED4 Pin=D7-1
Added Pin To Net: NetName=LED4 Pin=U5-23
Added Net: Name=LED4
Added Pin To Net: NetName=NetD6_2 Pin=D6-2
Added Pin To Net: NetName=NetD6_2 Pin=R30-2
Added Net: Name=NetD6_2
Added Pin To Net: NetName=NetD7_2 Pin=D7-2
Added Pin To Net: NetName=NetD7_2 Pin=R31-2
Added Net: Name=NetD7_2
Added Member To Class: ClassName=Arriquitaun Member=Component D6 LEDR
Added Member To Class: ClassName=Arriquitaun Member=Component D7 LEDR
Added Member To Class: ClassName=Arriquitaun Member=Component R30 Res3
Added Member To Class: ClassName=Arriquitaun Member=Component R31 Res3
Added Room: Name=Arriquitaun
