Added Component: Designator=C1(C1206)
Added Component: Designator=C2(C1206)
Added Component: Designator=C3(C1206)
Added Component: Designator=C4(C1206)
Added Component: Designator=C5(C1206)
Added Component: Designator=C6(C1206)
Added Component: Designator=C7(C1206)
Added Component: Designator=C8(C1206)
Added Component: Designator=C9(C1206)
Added Component: Designator=C10(C1206)
Added Component: Designator=C11(C1206)
Added Component: Designator=C12(C1206)
Added Component: Designator=C13(C1206)
Added Component: Designator=C14(C1206)
Added Component: Designator=C15(C1206)
Added Component: Designator=C16(C1206)
Added Component: Designator=C17(C1206)
Added Component: Designator=C18(C1206)
Added Component: Designator=C19(C1206)
Added Component: Designator=D1(1206 - LED)
Added Component: Designator=D2(1206 - LED)
Added Component: Designator=D3(1206 - LED)
Added Component: Designator=D4(1206 - LED)
Added Component: Designator=D5(1206 - LED)
Added Component: Designator=J1(161)
Added Component: Designator=J2(161)
Added Component: Designator=P1(USB-MICRO-B_V)
Added Component: Designator=P2(HDR1X6H)
Added Component: Designator=P3(HDR2X5)
Added Component: Designator=P4(HDR1X2)
Added Component: Designator=R1(c1206)
Added Component: Designator=R2(c1206)
Added Component: Designator=R3(c1206)
Added Component: Designator=R4(c1206)
Added Component: Designator=R5(c1206)
Added Component: Designator=R6(c1206)
Added Component: Designator=R7(c1206)
Added Component: Designator=R8(c1206)
Added Component: Designator=R9(c1206)
Added Component: Designator=R10(c1206)
Added Component: Designator=R11(c1206)
Added Component: Designator=R12(c1206)
Added Component: Designator=R13(c1206)
Added Component: Designator=R14(c1206)
Added Component: Designator=R15(c1206)
Added Component: Designator=R16(c1206)
Added Component: Designator=R17(c1206)
Added Component: Designator=R18(c1206)
Added Component: Designator=R19(c1206)
Added Component: Designator=R20(c1206)
Added Component: Designator=R21(c1206)
Added Component: Designator=R22(c1206)
Added Component: Designator=R23(c1206)
Added Component: Designator=R24(c1206)
Added Component: Designator=R25(c1206)
Added Component: Designator=R26(c1206)
Added Component: Designator=R27(c1206)
Added Component: Designator=R28(c1206)
Added Component: Designator=R29(c1206)
Added Component: Designator=S1(FSM100)
Added Component: Designator=S2(FSM100)
Added Component: Designator=S3(FSM100)
Added Component: Designator=S4(FSM100)
Added Component: Designator=S5(FSM100)
Added Component: Designator=S6(FSM100)
Added Component: Designator=S7(SWITCH)
Added Component: Designator=U1(LQFP-64_N)
Added Component: Designator=U2(44A_N)
Added Component: Designator=U3(OSCILADOR)
Added Component: Designator=U4(SOP8_N)
Added Component: Designator=U5(QFN32 5x5mm SOT617-3)
Added Component: Designator=U6(PUSHBUTTON)
Added Component: Designator=U7(ZZ311)
Added Component: Designator=Y1(CRYSTAL_HC49-US-SM)
Added Pin To Net: NetName=VCC_1.8V Pin=C1-1
Added Pin To Net: NetName=AGND Pin=C1-2
Added Pin To Net: NetName=NetC2_1 Pin=C2-1
Added Pin To Net: NetName=AGND Pin=C2-2
Added Pin To Net: NetName=AGND Pin=C3-1
Added Pin To Net: NetName=VTREF Pin=C3-2
Added Pin To Net: NetName=AGND Pin=C4-1
Added Pin To Net: NetName=NetC4_2 Pin=C4-2
Added Pin To Net: NetName=AGND Pin=C5-1
Added Pin To Net: NetName=VTREF Pin=C5-2
Added Pin To Net: NetName=AGND Pin=C6-1
Added Pin To Net: NetName=NetC6_2 Pin=C6-2
Added Pin To Net: NetName=VCC_5V Pin=C7-1
Added Pin To Net: NetName=AGND Pin=C7-2
Added Pin To Net: NetName=AGND Pin=C8-1
Added Pin To Net: NetName=VTREF Pin=C8-2
Added Pin To Net: NetName=VTREF Pin=C9-1
Added Pin To Net: NetName=AGND Pin=C9-2
Added Pin To Net: NetName=AGND Pin=C10-1
Added Pin To Net: NetName=VTREF Pin=C10-2
Added Pin To Net: NetName=AGND Pin=C11-1
Added Pin To Net: NetName=VTREF Pin=C11-2
Added Pin To Net: NetName=AGND Pin=C12-1
Added Pin To Net: NetName=VTREF Pin=C12-2
Added Pin To Net: NetName=AGND Pin=C13-1
Added Pin To Net: NetName=VTREF Pin=C13-2
Added Pin To Net: NetName=AGND Pin=C14-1
Added Pin To Net: NetName=VTREF Pin=C14-2
Added Pin To Net: NetName=AGND Pin=C15-1
Added Pin To Net: NetName=VTREF Pin=C15-2
Added Pin To Net: NetName=AGND Pin=C16-1
Added Pin To Net: NetName=VTREF Pin=C16-2
Added Pin To Net: NetName=AGND Pin=C17-1
Added Pin To Net: NetName=VTREF Pin=C17-2
Added Pin To Net: NetName=AGND Pin=C18-1
Added Pin To Net: NetName=VTREF Pin=C18-2
Added Pin To Net: NetName=AGND Pin=C19-1
Added Pin To Net: NetName=VTREF Pin=C19-2
Added Pin To Net: NetName=AGND Pin=D1-1
Added Pin To Net: NetName=NetD1_2 Pin=D1-2
Added Pin To Net: NetName=AGND Pin=D2-1
Added Pin To Net: NetName=NetD2_2 Pin=D2-2
Added Pin To Net: NetName=LED1 Pin=D3-1
Added Pin To Net: NetName=LED2 Pin=D4-1
Added Pin To Net: NetName=VTREF Pin=D5-1
Added Pin To Net: NetName=NetD5_2 Pin=D5-2
Added Pin To Net: NetName=AGND Pin=J1-1A
Added Pin To Net: NetName=NetC6_2 Pin=J1-2B
Added Pin To Net: NetName=AGND Pin=J2-1A
Added Pin To Net: NetName=VIDEO Pin=J2-2B
Added Pin To Net: NetName=VCC_5V Pin=P1-1
Added Pin To Net: NetName=D- Pin=P1-2
Added Pin To Net: NetName=D+ Pin=P1-3
Added Pin To Net: NetName=AGND Pin=P1-5
Added Pin To Net: NetName=AGND Pin=P1-6
Added Pin To Net: NetName=AGND Pin=P1-7
Added Pin To Net: NetName=AGND Pin=P1-8
Added Pin To Net: NetName=AGND Pin=P1-9
Added Pin To Net: NetName=AGND Pin=P1-10
Added Pin To Net: NetName=AGND Pin=P1-11
Added Pin To Net: NetName=AGND Pin=P2-1
Added Pin To Net: NetName=VTREF Pin=P2-2
Added Pin To Net: NetName=TMS Pin=P2-3
Added Pin To Net: NetName=TCK Pin=P2-4
Added Pin To Net: NetName=TDI Pin=P2-5
Added Pin To Net: NetName=TDO Pin=P2-6
Added Pin To Net: NetName=TCK_UC Pin=P3-1
Added Pin To Net: NetName=AGND Pin=P3-2
Added Pin To Net: NetName=TDO_UC Pin=P3-3
Added Pin To Net: NetName=VTREF Pin=P3-4
Added Pin To Net: NetName=TMS_UC Pin=P3-5
Added Pin To Net: NetName=NRST Pin=P3-6
Added Pin To Net: NetName=TDI_UC Pin=P3-9
Added Pin To Net: NetName=AGND Pin=P3-10
Added Pin To Net: NetName=SCL Pin=P4-1
Added Pin To Net: NetName=SDA Pin=P4-2
Added Pin To Net: NetName=NetR1_1 Pin=R1-1
Added Pin To Net: NetName=NetD1_2 Pin=R1-2
Added Pin To Net: NetName=VTREF Pin=R2-1
Added Pin To Net: NetName=NetR2_2 Pin=R2-2
Added Pin To Net: NetName=NetR3_1 Pin=R3-1
Added Pin To Net: NetName=NetD2_2 Pin=R3-2
Added Pin To Net: NetName=NetR4_1 Pin=R4-1
Added Pin To Net: NetName=AGND Pin=R4-2
Added Pin To Net: NetName=EEDATA Pin=R5-1
Added Pin To Net: NetName=VTREF Pin=R5-2
Added Pin To Net: NetName=EECLK Pin=R6-1
Added Pin To Net: NetName=VTREF Pin=R6-2
Added Pin To Net: NetName=EECS Pin=R7-1
Added Pin To Net: NetName=VTREF Pin=R7-2
Added Pin To Net: NetName=EEDATA Pin=R8-1
Added Pin To Net: NetName=VIDEO_UC_1 Pin=R9-1
Added Pin To Net: NetName=VIDEO_UC Pin=R9-2
Added Pin To Net: NetName=VIDEO_FPGA_1 Pin=R10-1
Added Pin To Net: NetName=VIDEO_FPGA Pin=R10-2
Added Pin To Net: NetName=VIDEO_UC_2 Pin=R11-1
Added Pin To Net: NetName=VIDEO_UC Pin=R11-2
Added Pin To Net: NetName=VIDEO_FPGA_2 Pin=R12-1
Added Pin To Net: NetName=VIDEO_FPGA Pin=R12-2
Added Pin To Net: NetName=VTREF Pin=R13-1
Added Pin To Net: NetName=BTN1 Pin=R13-2
Added Pin To Net: NetName=VTREF Pin=R14-1
Added Pin To Net: NetName=BTN2 Pin=R14-2
Added Pin To Net: NetName=VTREF Pin=R15-1
Added Pin To Net: NetName=BTN3 Pin=R15-2
Added Pin To Net: NetName=VTREF Pin=R16-1
Added Pin To Net: NetName=BTN4 Pin=R16-2
Added Pin To Net: NetName=VTREF Pin=R17-1
Added Pin To Net: NetName=BTN5 Pin=R17-2
Added Pin To Net: NetName=VTREF Pin=R18-1
Added Pin To Net: NetName=BTN6 Pin=R18-2
Added Pin To Net: NetName=VIDEO_UC_3 Pin=R19-1
Added Pin To Net: NetName=VIDEO_UC Pin=R19-2
Added Pin To Net: NetName=VIDEO_FPGA_3 Pin=R20-1
Added Pin To Net: NetName=VIDEO_FPGA Pin=R20-2
Added Pin To Net: NetName=VTREF Pin=R21-1
Added Pin To Net: NetName=NRST Pin=R21-2
Added Pin To Net: NetName=VIDEO_UC_4 Pin=R22-1
Added Pin To Net: NetName=VIDEO_UC Pin=R22-2
Added Pin To Net: NetName=VIDEO_FPGA_4 Pin=R23-1
Added Pin To Net: NetName=VIDEO_FPGA Pin=R23-2
Added Pin To Net: NetName=VIDEO_UC_5 Pin=R24-1
Added Pin To Net: NetName=VIDEO_UC Pin=R24-2
Added Pin To Net: NetName=VIDEO_FPGA_5 Pin=R25-1
Added Pin To Net: NetName=VIDEO_FPGA Pin=R25-2
Added Pin To Net: NetName=AGND Pin=R26-1
Added Pin To Net: NetName=AUDIO Pin=R27-1
Added Pin To Net: NetName=NetC6_2 Pin=R27-2
Added Pin To Net: NetName=AGND Pin=R28-1
Added Pin To Net: NetName=AGND Pin=R29-1
Added Pin To Net: NetName=NetD5_2 Pin=R29-2
Added Pin To Net: NetName=BTN1 Pin=S1-1
Added Pin To Net: NetName=AGND Pin=S1-2
Added Pin To Net: NetName=BTN2 Pin=S2-1
Added Pin To Net: NetName=AGND Pin=S2-2
Added Pin To Net: NetName=BTN3 Pin=S3-1
Added Pin To Net: NetName=AGND Pin=S3-2
Added Pin To Net: NetName=BTN4 Pin=S4-1
Added Pin To Net: NetName=AGND Pin=S4-2
Added Pin To Net: NetName=BTN5 Pin=S5-1
Added Pin To Net: NetName=AGND Pin=S5-2
Added Pin To Net: NetName=BTN6 Pin=S6-1
Added Pin To Net: NetName=AGND Pin=S6-2
Added Pin To Net: NetName=VIDEO_FPGA Pin=S7-1
Added Pin To Net: NetName=VIDEO Pin=S7-2
Added Pin To Net: NetName=VIDEO_UC Pin=S7-3
Added Pin To Net: NetName=AUDIO_FPGA Pin=S7-4
Added Pin To Net: NetName=AUDIO Pin=S7-5
Added Pin To Net: NetName=AUDIO_UC Pin=S7-6
Added Pin To Net: NetName=AGND Pin=U1-1
Added Pin To Net: NetName=NetC2_1 Pin=U1-2
Added Pin To Net: NetName=NetC4_2 Pin=U1-3
Added Pin To Net: NetName=VTREF Pin=U1-4
Added Pin To Net: NetName=AGND Pin=U1-5
Added Pin To Net: NetName=NetR4_1 Pin=U1-6
Added Pin To Net: NetName=D- Pin=U1-7
Added Pin To Net: NetName=D+ Pin=U1-8
Added Pin To Net: NetName=VTREF Pin=U1-9
Added Pin To Net: NetName=AGND Pin=U1-10
Added Pin To Net: NetName=AGND Pin=U1-11
Added Pin To Net: NetName=VCC_1.8V Pin=U1-12
Added Pin To Net: NetName=AGND Pin=U1-13
Added Pin To Net: NetName=NetR2_2 Pin=U1-14
Added Pin To Net: NetName=AGND Pin=U1-15
Added Pin To Net: NetName=TCK Pin=U1-16
Added Pin To Net: NetName=TDI Pin=U1-17
Added Pin To Net: NetName=TDO Pin=U1-18
Added Pin To Net: NetName=TMS Pin=U1-19
Added Pin To Net: NetName=VTREF Pin=U1-20
Added Pin To Net: NetName=AGND Pin=U1-25
Added Pin To Net: NetName=NetR1_1 Pin=U1-29
Added Pin To Net: NetName=NetR3_1 Pin=U1-30
Added Pin To Net: NetName=VTREF Pin=U1-31
Added Pin To Net: NetName=AGND Pin=U1-35
Added Pin To Net: NetName=VCC_1.8V Pin=U1-37
Added Pin To Net: NetName=TX Pin=U1-38
Added Pin To Net: NetName=RX Pin=U1-39
Added Pin To Net: NetName=VTREF Pin=U1-42
Added Pin To Net: NetName=AGND Pin=U1-47
Added Pin To Net: NetName=VCC_1.8V Pin=U1-49
Added Pin To Net: NetName=VTREF Pin=U1-50
Added Pin To Net: NetName=AGND Pin=U1-51
Added Pin To Net: NetName=VTREF Pin=U1-56
Added Pin To Net: NetName=AGND Pin=U1-60
Added Pin To Net: NetName=EEDATA Pin=U1-61
Added Pin To Net: NetName=EECLK Pin=U1-62
Added Pin To Net: NetName=EECS Pin=U1-63
Added Pin To Net: NetName=VCC_1.8V Pin=U1-64
Added Pin To Net: NetName=UC_MOSI Pin=U2-1
Added Pin To Net: NetName=UC_MISO Pin=U2-2
Added Pin To Net: NetName=SCK Pin=U2-3
Added Pin To Net: NetName=NRST Pin=U2-4
Added Pin To Net: NetName=VTREF Pin=U2-5
Added Pin To Net: NetName=AGND Pin=U2-6
Added Pin To Net: NetName=CLK_16.000MHZ Pin=U2-8
Added Pin To Net: NetName=RX Pin=U2-9
Added Pin To Net: NetName=TX Pin=U2-10
Added Pin To Net: NetName=BTN1 Pin=U2-11
Added Pin To Net: NetName=BTN2 Pin=U2-12
Added Pin To Net: NetName=BTN3 Pin=U2-13
Added Pin To Net: NetName=BTN4 Pin=U2-14
Added Pin To Net: NetName=BTN5 Pin=U2-15
Added Pin To Net: NetName=AUDIO_UC Pin=U2-16
Added Pin To Net: NetName=VTREF Pin=U2-17
Added Pin To Net: NetName=AGND Pin=U2-18
Added Pin To Net: NetName=SCL Pin=U2-19
Added Pin To Net: NetName=SDA Pin=U2-20
Added Pin To Net: NetName=TCK_UC Pin=U2-21
Added Pin To Net: NetName=TMS_UC Pin=U2-22
Added Pin To Net: NetName=TDO_UC Pin=U2-23
Added Pin To Net: NetName=TDI_UC Pin=U2-24
Added Pin To Net: NetName=BTN6 Pin=U2-26
Added Pin To Net: NetName=VTREF Pin=U2-27
Added Pin To Net: NetName=AGND Pin=U2-28
Added Pin To Net: NetName=VTREF Pin=U2-29
Added Pin To Net: NetName=VIDEO_UC_5 Pin=U2-33
Added Pin To Net: NetName=VIDEO_UC_4 Pin=U2-34
Added Pin To Net: NetName=VIDEO_UC_3 Pin=U2-35
Added Pin To Net: NetName=VIDEO_UC_2 Pin=U2-36
Added Pin To Net: NetName=VIDEO_UC_1 Pin=U2-37
Added Pin To Net: NetName=VTREF Pin=U2-38
Added Pin To Net: NetName=AGND Pin=U2-39
Added Pin To Net: NetName=LED1 Pin=U2-40
Added Pin To Net: NetName=LED2 Pin=U2-41
Added Pin To Net: NetName=/SS Pin=U2-44
Added Pin To Net: NetName=VTREF Pin=U3-1
Added Pin To Net: NetName=AGND Pin=U3-2
Added Pin To Net: NetName=CLK_16.000MHZ Pin=U3-3
Added Pin To Net: NetName=VTREF Pin=U3-4
Added Pin To Net: NetName=EECS Pin=U4-1
Added Pin To Net: NetName=EECLK Pin=U4-2
Added Pin To Net: NetName=EEDATA Pin=U4-3
Added Pin To Net: NetName=VTREF Pin=U4-5
Added Pin To Net: NetName=AGND Pin=U4-6
Added Pin To Net: NetName=VTREF Pin=U4-7
Added Pin To Net: NetName=AGND Pin=U4-8
Added Pin To Net: NetName=TDO Pin=U5-1
Added Pin To Net: NetName=VTREF Pin=U5-2
Added Pin To Net: NetName=AGND Pin=U5-3
Added Pin To Net: NetName=VIDEO_FPGA_5 Pin=U5-4
Added Pin To Net: NetName=VTREF Pin=U5-6
Added Pin To Net: NetName=VTREF Pin=U5-7
Added Pin To Net: NetName=SCK Pin=U5-9
Added Pin To Net: NetName=UC_MISO Pin=U5-10
Added Pin To Net: NetName=VIDEO_FPGA_1 Pin=U5-11
Added Pin To Net: NetName=VIDEO_FPGA_2 Pin=U5-12
Added Pin To Net: NetName=VIDEO_FPGA_3 Pin=U5-13
Added Pin To Net: NetName=VIDEO_FPGA_4 Pin=U5-14
Added Pin To Net: NetName=VTREF Pin=U5-15
Added Pin To Net: NetName=/SS Pin=U5-16
Added Pin To Net: NetName=UC_MOSI Pin=U5-17
Added Pin To Net: NetName=VTREF Pin=U5-18
Added Pin To Net: NetName=VTREF Pin=U5-19
Added Pin To Net: NetName=AUDIO_FPGA Pin=U5-21
Added Pin To Net: NetName=AGND Pin=U5-22
Added Pin To Net: NetName=VTREF Pin=U5-24
Added Pin To Net: NetName=CLK_16.000MHZ Pin=U5-28
Added Pin To Net: NetName=TMS Pin=U5-29
Added Pin To Net: NetName=TCK Pin=U5-30
Added Pin To Net: NetName=VTREF Pin=U5-31
Added Pin To Net: NetName=TDI Pin=U5-32
Added Pin To Net: NetName=AGND Pin=U6-1
Added Pin To Net: NetName=NRST Pin=U6-3
Added Pin To Net: NetName=AGND Pin=U7-1
Added Pin To Net: NetName=VTREF Pin=U7-2
Added Pin To Net: NetName=VCC_5V Pin=U7-3
Added Pin To Net: NetName=VTREF Pin=U7-4
Added Pin To Net: NetName=NetC2_1 Pin=Y1-1
Added Pin To Net: NetName=NetC4_2 Pin=Y1-2
Added Pin To Net: NetName=NetD3_2 Pin=D3-2
Added Pin To Net: NetName=NetD3_2 Pin=R26-2
Added Net: Name=NetD3_2
Added Pin To Net: NetName=NetD4_2 Pin=D4-2
Added Pin To Net: NetName=NetD4_2 Pin=R28-2
Added Net: Name=NetD4_2
Added Pin To Net: NetName=NetR8_2 Pin=R8-2
Added Pin To Net: NetName=NetR8_2 Pin=U4-4
Added Net: Name=NetR8_2
Added Member To Class: ClassName=Arriquitaun Member=Component C1 Cap Pol1
Added Member To Class: ClassName=Arriquitaun Member=Component C2 Cap
Added Member To Class: ClassName=Arriquitaun Member=Component C3 Cap Semi
Added Member To Class: ClassName=Arriquitaun Member=Component C4 Cap
Added Member To Class: ClassName=Arriquitaun Member=Component C5 Cap Semi
Added Member To Class: ClassName=Arriquitaun Member=Component C6 Cap Semi
Added Member To Class: ClassName=Arriquitaun Member=Component C7 Cap Pol1
Added Member To Class: ClassName=Arriquitaun Member=Component C8 Cap Semi
Added Member To Class: ClassName=Arriquitaun Member=Component C9 Cap Pol1
Added Member To Class: ClassName=Arriquitaun Member=Component C10 Cap Semi
Added Member To Class: ClassName=Arriquitaun Member=Component C11 Cap Semi
Added Member To Class: ClassName=Arriquitaun Member=Component C12 Cap Semi
Added Member To Class: ClassName=Arriquitaun Member=Component C13 Cap Semi
Added Member To Class: ClassName=Arriquitaun Member=Component C14 Cap Semi
Added Member To Class: ClassName=Arriquitaun Member=Component C15 Cap Semi
Added Member To Class: ClassName=Arriquitaun Member=Component C16 Cap Semi
Added Member To Class: ClassName=Arriquitaun Member=Component C17 Cap Semi
Added Member To Class: ClassName=Arriquitaun Member=Component C18 Cap Semi
Added Member To Class: ClassName=Arriquitaun Member=Component C19 Cap Semi
Added Member To Class: ClassName=Arriquitaun Member=Component D1 LEDR
Added Member To Class: ClassName=Arriquitaun Member=Component D2 LEDR
Added Member To Class: ClassName=Arriquitaun Member=Component D3 LEDR
Added Member To Class: ClassName=Arriquitaun Member=Component D4 LEDR
Added Member To Class: ClassName=Arriquitaun Member=Component D5 LEDR
Added Member To Class: ClassName=Arriquitaun Member=Component J1 RCA
Added Member To Class: ClassName=Arriquitaun Member=Component J2 RCA
Added Member To Class: ClassName=Arriquitaun Member=Component P1 USB
Added Member To Class: ClassName=Arriquitaun Member=Component P2 Header 6H
Added Member To Class: ClassName=Arriquitaun Member=Component P3 Header 5X2
Added Member To Class: ClassName=Arriquitaun Member=Component P4 Header 2
Added Member To Class: ClassName=Arriquitaun Member=Component R1 Res3
Added Member To Class: ClassName=Arriquitaun Member=Component R2 Res3
Added Member To Class: ClassName=Arriquitaun Member=Component R3 Res3
Added Member To Class: ClassName=Arriquitaun Member=Component R4 Res3
Added Member To Class: ClassName=Arriquitaun Member=Component R5 Res3
Added Member To Class: ClassName=Arriquitaun Member=Component R6 Res3
Added Member To Class: ClassName=Arriquitaun Member=Component R7 Res3
Added Member To Class: ClassName=Arriquitaun Member=Component R8 Res3
Added Member To Class: ClassName=Arriquitaun Member=Component R9 Res3
Added Member To Class: ClassName=Arriquitaun Member=Component R10 Res3
Added Member To Class: ClassName=Arriquitaun Member=Component R11 Res3
Added Member To Class: ClassName=Arriquitaun Member=Component R12 Res3
Added Member To Class: ClassName=Arriquitaun Member=Component R13 Res3
Added Member To Class: ClassName=Arriquitaun Member=Component R14 Res3
Added Member To Class: ClassName=Arriquitaun Member=Component R15 Res3
Added Member To Class: ClassName=Arriquitaun Member=Component R16 Res3
Added Member To Class: ClassName=Arriquitaun Member=Component R17 Res3
Added Member To Class: ClassName=Arriquitaun Member=Component R18 Res3
Added Member To Class: ClassName=Arriquitaun Member=Component R19 Res3
Added Member To Class: ClassName=Arriquitaun Member=Component R20 Res3
Added Member To Class: ClassName=Arriquitaun Member=Component R21 Res3
Added Member To Class: ClassName=Arriquitaun Member=Component R22 Res3
Added Member To Class: ClassName=Arriquitaun Member=Component R23 Res3
Added Member To Class: ClassName=Arriquitaun Member=Component R24 Res3
Added Member To Class: ClassName=Arriquitaun Member=Component R25 Res3
Added Member To Class: ClassName=Arriquitaun Member=Component R26 Res3
Added Member To Class: ClassName=Arriquitaun Member=Component R27 Res3
Added Member To Class: ClassName=Arriquitaun Member=Component R28 Res3
Added Member To Class: ClassName=Arriquitaun Member=Component R29 Res3
Added Member To Class: ClassName=Arriquitaun Member=Component S1 SW-PB
Added Member To Class: ClassName=Arriquitaun Member=Component S2 SW-PB
Added Member To Class: ClassName=Arriquitaun Member=Component S3 SW-PB
Added Member To Class: ClassName=Arriquitaun Member=Component S4 SW-PB
Added Member To Class: ClassName=Arriquitaun Member=Component S5 SW-PB
Added Member To Class: ClassName=Arriquitaun Member=Component S6 SW-PB
Added Member To Class: ClassName=Arriquitaun Member=Component S7 STSSS2222
Added Member To Class: ClassName=Arriquitaun Member=Component U1 FT2232HL-Tray
Added Member To Class: ClassName=Arriquitaun Member=Component U2 ATmega644PA-AUR
Added Member To Class: ClassName=Arriquitaun Member=Component U3 Oscilador
Added Member To Class: ClassName=Arriquitaun Member=Component U4 EEPROM M93C46
Added Member To Class: ClassName=Arriquitaun Member=Component U5 LCMXO2-256/1200-SG32
Added Member To Class: ClassName=Arriquitaun Member=Component U6 Push_Button
Added Member To Class: ClassName=Arriquitaun Member=Component U7 1117-3.3
Added Member To Class: ClassName=Arriquitaun Member=Component Y1 XTAL 12 MHz
Added Room: Name=Arriquitaun
