Removed Pin From Net: NetName=DGND Pin=C15-1
Removed Pin From Net: NetName=VTREF Pin=C15-2
Removed Pin From Net: NetName=DGND Pin=C16-1
Removed Pin From Net: NetName=VTREF Pin=C16-2
Removed Pin From Net: NetName=DGND Pin=C17-1
Removed Pin From Net: NetName=VTREF Pin=C17-2
Removed Pin From Net: NetName=DGND Pin=C18-1
Removed Pin From Net: NetName=VTREF Pin=C18-2
Removed Pin From Net: NetName=DGND Pin=C19-1
Removed Pin From Net: NetName=VTREF Pin=C19-2
Removed Pin From Net: NetName=DGND Pin=J1-1A
Removed Pin From Net: NetName=NetC6_2 Pin=J1-2B
Removed Pin From Net: NetName=DGND Pin=J2-1A
Removed Pin From Net: NetName=VIDEO Pin=J2-2B
Removed Pin From Net: NetName=SCL Pin=P4-1
Removed Pin From Net: NetName=SDA Pin=P4-2
Removed Pin From Net: NetName=VIDEO_FPGA Pin=R27-2
Removed Pin From Net: NetName=TDO Pin=U1-1
Removed Pin From Net: NetName=VTREF Pin=U1-2
Removed Pin From Net: NetName=DGND Pin=U1-3
Removed Pin From Net: NetName=BTN5 Pin=U1-5
Removed Pin From Net: NetName=VTREF Pin=U1-6
Removed Pin From Net: NetName=VTREF Pin=U1-7
Removed Pin From Net: NetName=BTN6 Pin=U1-8
Removed Pin From Net: NetName=SCK Pin=U1-9
Removed Pin From Net: NetName=UC_MISO Pin=U1-10
Removed Pin From Net: NetName=VIDEO_FPGA_1 Pin=U1-11
Removed Pin From Net: NetName=VIDEO_FPGA_2 Pin=U1-12
Removed Pin From Net: NetName=VIDEO_FPGA_3 Pin=U1-13
Removed Pin From Net: NetName=VIDEO_FPGA_4 Pin=U1-14
Removed Pin From Net: NetName=VTREF Pin=U1-15
Removed Pin From Net: NetName=/SS Pin=U1-16
Removed Pin From Net: NetName=UC_MOSI Pin=U1-17
Removed Pin From Net: NetName=VTREF Pin=U1-18
Removed Pin From Net: NetName=VTREF Pin=U1-19
Removed Pin From Net: NetName=NRST Pin=U1-20
Removed Pin From Net: NetName=AUDIO_FPGA Pin=U1-21
Removed Pin From Net: NetName=DGND Pin=U1-22
Removed Pin From Net: NetName=LED4 Pin=U1-23
Removed Pin From Net: NetName=VTREF Pin=U1-24
Removed Pin From Net: NetName=LED3 Pin=U1-25
Removed Pin From Net: NetName=SDA Pin=U1-26
Removed Pin From Net: NetName=SCL Pin=U1-27
Removed Pin From Net: NetName=CLK_16.000MHZ Pin=U1-28
Removed Pin From Net: NetName=TMS Pin=U1-29
Removed Pin From Net: NetName=TCK Pin=U1-30
Removed Pin From Net: NetName=VTREF Pin=U1-31
Removed Pin From Net: NetName=TDI Pin=U1-32
Removed Member From Class: ClassName=Arriquitaun Member=C4
Removed Member From Class: ClassName=Arriquitaun Member=C15
Removed Member From Class: ClassName=Arriquitaun Member=C16
Removed Member From Class: ClassName=Arriquitaun Member=C17
Removed Member From Class: ClassName=Arriquitaun Member=C18
Removed Member From Class: ClassName=Arriquitaun Member=C19
Removed Member From Class: ClassName=Arriquitaun Member=D5
Removed Member From Class: ClassName=Arriquitaun Member=D6
Removed Member From Class: ClassName=Arriquitaun Member=R11
Removed Member From Class: ClassName=Arriquitaun Member=R12
Removed Member From Class: ClassName=Arriquitaun Member=R13
Removed Member From Class: ClassName=Arriquitaun Member=R14
Removed Member From Class: ClassName=Arriquitaun Member=R15
Removed Member From Class: ClassName=Arriquitaun Member=R16
Removed Member From Class: ClassName=Arriquitaun Member=R17
Removed Member From Class: ClassName=Arriquitaun Member=R18
Removed Member From Class: ClassName=Arriquitaun Member=R19
Removed Member From Class: ClassName=Arriquitaun Member=R20
Removed Member From Class: ClassName=Arriquitaun Member=R21
Removed Member From Class: ClassName=Arriquitaun Member=R22
Removed Member From Class: ClassName=Arriquitaun Member=R23
Removed Member From Class: ClassName=Arriquitaun Member=R24
Removed Member From Class: ClassName=Arriquitaun Member=R25
Removed Member From Class: ClassName=Arriquitaun Member=R26
Removed Member From Class: ClassName=Arriquitaun Member=R28
Removed Member From Class: ClassName=Arriquitaun Member=R29
Removed Member From Class: ClassName=Arriquitaun Member=S1
Removed Member From Class: ClassName=Arriquitaun Member=S2
Removed Member From Class: ClassName=Arriquitaun Member=S3
Removed Member From Class: ClassName=Arriquitaun Member=S4
Removed Member From Class: ClassName=Arriquitaun Member=S5
Removed Member From Class: ClassName=Arriquitaun Member=S6
Removed Member From Class: ClassName=Arriquitaun Member=U1
Removed Member From Class: ClassName=Arriquitaun Member=U2
Removed Member From Class: ClassName=Arriquitaun Member=U4
Removed Member From Class: ClassName=Arriquitaun Member=U6
Change Component Comment : Designator=U7 Old Comment=1117-3.3 New Comment=LD1117S33CTR
Change Component Comment : Designator=C2 Old Comment=Cap New Comment=Cap Semi
Change Component Comment : Designator=C3 Old Comment=Cap New Comment=Cap Semi
Change Component Comment : Designator=U5 Old Comment=EEPROM M93C46 New Comment=M93C46-WMN6P
Change Component Comment : Designator=D1 Old Comment=LEDR New Comment=5988210107F
Change Component Comment : Designator=D2 Old Comment=LEDR New Comment=5988210107F
Change Component Comment : Designator=D3 Old Comment=LEDR New Comment=5988210107F
Change Component Comment : Designator=D4 Old Comment=LEDR New Comment=5988210107F
Change Component Comment : Designator=D5 Old Comment=LEDR New Comment=5988210107F
Change Component Comment : Designator=D6 Old Comment=LEDR New Comment=5988210107F
Change Component Comment : Designator=D7 Old Comment=LEDR New Comment=5988210107F
Change Component Comment : Designator=U4 Old Comment=Oscilador New Comment=7C-8.000MBB-T
Change Component Comment : Designator=U6 Old Comment=Push_Button New Comment=EVQ-Q2D01W
Change Component Comment : Designator=S1 Old Comment=SW-PB New Comment=FSM100
Change Component Comment : Designator=S2 Old Comment=SW-PB New Comment=FSM100
Change Component Comment : Designator=S3 Old Comment=SW-PB New Comment=FSM100
Change Component Comment : Designator=S4 Old Comment=SW-PB New Comment=FSM100
Change Component Comment : Designator=S5 Old Comment=SW-PB New Comment=FSM100
Change Component Comment : Designator=S6 Old Comment=SW-PB New Comment=FSM100
Change Component Comment : Designator=P1 Old Comment=USB New Comment=47346-0001
Added Component: Designator=C30(C1206)
Added Component: Designator=C31(C1206)
Added Component: Designator=C32(C1206)
Added Component: Designator=C113(C1206)
Added Component: Designator=C114(C1206)
Added Component: Designator=C115(C1206)
Added Component: Designator=C116(C1206)
Added Component: Designator=C117(C1206)
Added Component: Designator=D8(1206 - LED)
Added Component: Designator=IC1(SOIC127P600X175-8N)
Added Component: Designator=IC2(SOIC127P600X175-8N)
Added Component: Designator=J1(RCA/4.5-H2)
Added Component: Designator=J2(RCA/4.5-H2)
Added Component: Designator=P4(HDR1X4)
Added Component: Designator=P5(D-10)
Added Component: Designator=R32(c1206)
Added Component: Designator=R33(c1206)
Added Component: Designator=R34(c1206)
Added Component: Designator=R35(c1206)
Added Component: Designator=R36(c1206)
Added Component: Designator=R37(c1206)
Added Component: Designator=R38(c1206)
Added Component: Designator=R39(c1206)
Added Component: Designator=R40(c1206)
Added Component: Designator=U1(*QFN50P700X700X100-49N_ICE40UP5K-SG48ITR50(Primary))
Added Component: Designator=U8(ZZ311)
Added Component: Designator=Y1(NX3225SA12000MHZSTDCSR1)
Added Pin To Net: NetName=VCC_5V Pin=C30-1
Added Pin To Net: NetName=DGND Pin=C30-2
Added Pin To Net: NetName=DGND Pin=C31-2
Added Pin To Net: NetName=DGND Pin=C32-1
Added Pin To Net: NetName=DGND Pin=C113-1
Added Pin To Net: NetName=DGND Pin=C114-1
Added Pin To Net: NetName=DGND Pin=C115-1
Added Pin To Net: NetName=VTREF Pin=C115-2
Added Pin To Net: NetName=DGND Pin=C116-1
Added Pin To Net: NetName=VTREF Pin=C116-2
Added Pin To Net: NetName=DGND Pin=C117-1
Added Pin To Net: NetName=VTREF Pin=C117-2
Added Pin To Net: NetName=VTREF Pin=D8-1
Added Pin To Net: NetName=DGND Pin=IC1-4
Added Pin To Net: NetName=VTREF Pin=IC1-8
Added Pin To Net: NetName=DGND Pin=IC2-4
Added Pin To Net: NetName=VTREF Pin=IC2-8
Added Pin To Net: NetName=DGND Pin=J1-1A
Added Pin To Net: NetName=NetC6_2 Pin=J1-2B
Added Pin To Net: NetName=DGND Pin=J2-1A
Added Pin To Net: NetName=VIDEO Pin=J2-2B
Added Pin To Net: NetName=SDA Pin=P4-1
Added Pin To Net: NetName=SCL Pin=P4-2
Added Pin To Net: NetName=VTREF Pin=P4-3
Added Pin To Net: NetName=DGND Pin=P4-4
Added Pin To Net: NetName=VTREF Pin=R27-1
Added Pin To Net: NetName=SDA Pin=R27-2
Added Pin To Net: NetName=DGND Pin=R32-1
Added Pin To Net: NetName=VTREF Pin=R33-1
Added Pin To Net: NetName=VTREF Pin=R34-1
Added Pin To Net: NetName=SCL Pin=R40-1
Added Pin To Net: NetName=VTREF Pin=R40-2
Added Pin To Net: NetName=VTREF Pin=U1-1
Added Pin To Net: NetName=VIDEO_FPGA_1 Pin=U1-2
Added Pin To Net: NetName=VIDEO_FPGA_3 Pin=U1-3
Added Pin To Net: NetName=VIDEO_FPGA_2 Pin=U1-4
Added Pin To Net: NetName=TDO Pin=U1-6
Added Pin To Net: NetName=NRST Pin=U1-8
Added Pin To Net: NetName=TDI Pin=U1-9
Added Pin To Net: NetName=TCK Pin=U1-10
Added Pin To Net: NetName=TMS Pin=U1-11
Added Pin To Net: NetName=SCL Pin=U1-12
Added Pin To Net: NetName=BTN5 Pin=U1-13
Added Pin To Net: NetName=UC_MISO Pin=U1-14
Added Pin To Net: NetName=SCK Pin=U1-15
Added Pin To Net: NetName=/SS Pin=U1-16
Added Pin To Net: NetName=UC_MOSI Pin=U1-17
Added Pin To Net: NetName=BTN6 Pin=U1-20
Added Pin To Net: NetName=SDA Pin=U1-21
Added Pin To Net: NetName=VTREF Pin=U1-22
Added Pin To Net: NetName=VTREF Pin=U1-24
Added Pin To Net: NetName=VTREF Pin=U1-33
Added Pin To Net: NetName=CLK_16.000MHZ Pin=U1-37
Added Pin To Net: NetName=LED3 Pin=U1-40
Added Pin To Net: NetName=LED4 Pin=U1-41
Added Pin To Net: NetName=AUDIO_FPGA Pin=U1-45
Added Pin To Net: NetName=DGND Pin=U1-EP
Added Pin To Net: NetName=DGND Pin=U8-1
Added Pin To Net: NetName=VCC_5V Pin=U8-3
Added Pin To Net: NetName=DGND Pin=Y1-2
Added Pin To Net: NetName=DGND Pin=Y1-4
Added Pin To Net: NetName=/CS_FLASH Pin=IC2-1
Added Pin To Net: NetName=/CS_FLASH Pin=R33-2
Added Pin To Net: NetName=/CS_FLASH Pin=U1-25
Added Net: Name=/CS_FLASH
Added Pin To Net: NetName=/CS_RAM Pin=IC1-1
Added Pin To Net: NetName=/CS_RAM Pin=R34-2
Added Pin To Net: NetName=/CS_RAM Pin=U1-32
Added Net: Name=/CS_RAM
Added Pin To Net: NetName=FLASH_MISO1 Pin=IC2-2
Added Pin To Net: NetName=FLASH_MISO1 Pin=U1-26
Added Net: Name=FLASH_MISO1
Added Pin To Net: NetName=FLASH_MISO2 Pin=IC2-3
Added Pin To Net: NetName=FLASH_MISO2 Pin=U1-28
Added Net: Name=FLASH_MISO2
Added Pin To Net: NetName=FLASH_MISO3 Pin=IC2-7
Added Pin To Net: NetName=FLASH_MISO3 Pin=U1-31
Added Net: Name=FLASH_MISO3
Added Pin To Net: NetName=FLASH_MOSI Pin=IC2-5
Added Pin To Net: NetName=FLASH_MOSI Pin=U1-27
Added Net: Name=FLASH_MOSI
Added Pin To Net: NetName=FLASH_SCK Pin=IC2-6
Added Pin To Net: NetName=FLASH_SCK Pin=U1-23
Added Net: Name=FLASH_SCK
Added Pin To Net: NetName=GND Pin=P5-5
Added Pin To Net: NetName=GND Pin=P5-6
Added Pin To Net: NetName=GND Pin=P5-7
Added Pin To Net: NetName=GND Pin=P5-8
Added Pin To Net: NetName=GND Pin=P5-10
Added Net: Name=GND
Added Pin To Net: NetName=NetD8_2 Pin=D8-2
Added Pin To Net: NetName=NetD8_2 Pin=R32-2
Added Net: Name=NetD8_2
Added Pin To Net: NetName=NETLABEL14 Pin=U1-19
Added Net: Name=NETLABEL14
Added Pin To Net: NetName=NETLABEL15 Pin=U1-18
Added Net: Name=NETLABEL15
Added Pin To Net: NetName=OSCI Pin=C2-1
Added Pin To Net: NetName=OSCI Pin=U3-2
Added Pin To Net: NetName=OSCI Pin=Y1-1
Added Net: Name=OSCI
Added Pin To Net: NetName=OSCO Pin=C3-2
Added Pin To Net: NetName=OSCO Pin=U3-3
Added Pin To Net: NetName=OSCO Pin=Y1-3
Added Net: Name=OSCO
Added Pin To Net: NetName=RAM_MISO1 Pin=IC1-2
Added Pin To Net: NetName=RAM_MISO1 Pin=U1-36
Added Net: Name=RAM_MISO1
Added Pin To Net: NetName=RAM_MISO2 Pin=IC1-3
Added Pin To Net: NetName=RAM_MISO2 Pin=U1-43
Added Net: Name=RAM_MISO2
Added Pin To Net: NetName=RAM_MISO3 Pin=IC1-7
Added Pin To Net: NetName=RAM_MISO3 Pin=U1-38
Added Net: Name=RAM_MISO3
Added Pin To Net: NetName=RAM_MOSI Pin=IC1-5
Added Pin To Net: NetName=RAM_MOSI Pin=U1-35
Added Net: Name=RAM_MOSI
Added Pin To Net: NetName=RAM_SCK Pin=IC1-6
Added Pin To Net: NetName=RAM_SCK Pin=U1-34
Added Net: Name=RAM_SCK
Added Pin To Net: NetName=VCC_1.2V Pin=C113-2
Added Pin To Net: NetName=VCC_1.2V Pin=C114-2
Added Net: Name=VCC_1.2V
Added Pin To Net: NetName=VDD_1.2V Pin=C31-1
Added Pin To Net: NetName=VDD_1.2V Pin=C32-2
Added Pin To Net: NetName=VDD_1.2V Pin=U1-5
Added Pin To Net: NetName=VDD_1.2V Pin=U1-29
Added Pin To Net: NetName=VDD_1.2V Pin=U1-30
Added Pin To Net: NetName=VDD_1.2V Pin=U8-2
Added Pin To Net: NetName=VDD_1.2V Pin=U8-4
Added Net: Name=VDD_1.2V
Added Pin To Net: NetName=VDD_5V Pin=P5-9
Added Net: Name=VDD_5V
Added Pin To Net: NetName=VGA_B0 Pin=R39-2
Added Pin To Net: NetName=VGA_B0 Pin=U1-42
Added Net: Name=VGA_B0
Added Pin To Net: NetName=VGA_B Pin=P5-3
Added Pin To Net: NetName=VGA_B Pin=R39-1
Added Net: Name=VGA_B
Added Pin To Net: NetName=VGA_G0 Pin=R37-2
Added Pin To Net: NetName=VGA_G0 Pin=U1-44
Added Net: Name=VGA_G0
Added Pin To Net: NetName=VGA_G1 Pin=R38-2
Added Pin To Net: NetName=VGA_G1 Pin=U1-48
Added Net: Name=VGA_G1
Added Pin To Net: NetName=VGA_G Pin=P5-2
Added Pin To Net: NetName=VGA_G Pin=R37-1
Added Pin To Net: NetName=VGA_G Pin=R38-1
Added Net: Name=VGA_G
Added Pin To Net: NetName=VGA_HSYNC Pin=P5-13
Added Net: Name=VGA_HSYNC
Added Pin To Net: NetName=VGA_R0 Pin=R35-2
Added Pin To Net: NetName=VGA_R0 Pin=U1-46
Added Net: Name=VGA_R0
Added Pin To Net: NetName=VGA_R1 Pin=R36-2
Added Pin To Net: NetName=VGA_R1 Pin=U1-47
Added Net: Name=VGA_R1
Added Pin To Net: NetName=VGA_R Pin=P5-1
Added Pin To Net: NetName=VGA_R Pin=R35-1
Added Pin To Net: NetName=VGA_R Pin=R36-1
Added Net: Name=VGA_R
Added Pin To Net: NetName=VGA_VSYNC Pin=P5-14
Added Net: Name=VGA_VSYNC
Change Class Name : Old Net Name=Arriquitaun New Net Name=Arriquitaun2
Added Class: Name=Arriquitaun
Added Member To Class: ClassName=Arriquitaun2 Member=Component C30 Cap Pol1
Added Member To Class: ClassName=Arriquitaun2 Member=Component C31 Cap Pol1
Added Member To Class: ClassName=Arriquitaun2 Member=Component C32 Cap Semi
Added Member To Class: ClassName=Arriquitaun2 Member=Component C113 Cap Semi
Added Member To Class: ClassName=Arriquitaun2 Member=Component C114 Cap Semi
Added Member To Class: ClassName=Arriquitaun2 Member=Component C115 Cap Semi
Added Member To Class: ClassName=Arriquitaun2 Member=Component C116 Cap Semi
Added Member To Class: ClassName=Arriquitaun2 Member=Component C117 Cap Semi
Added Member To Class: ClassName=Arriquitaun2 Member=Component D8 5988210107F
Added Member To Class: ClassName=Arriquitaun2 Member=Component R32 Res3
Added Member To Class: ClassName=Arriquitaun2 Member=Component R40 Res3
Added Member To Class: ClassName=Arriquitaun2 Member=Component U8 TLV117112DCYR
Added Room: Name=Arriquitaun2
Added Room: Name=Arriquitaun
