Change Physical Footprint: Designator=C1 Old Footprint=C1206 New Footprint=C1206
Change Physical Footprint: Designator=C2 Old Footprint=C1206 New Footprint=C1206
Change Physical Footprint: Designator=C3 Old Footprint=C1206 New Footprint=C1206
Change Physical Footprint: Designator=C4 Old Footprint=C1206 New Footprint=C1206
Change Physical Footprint: Designator=C5 Old Footprint=C1206 New Footprint=C1206
Change Physical Footprint: Designator=C6 Old Footprint=C1206 New Footprint=C1206
Change Physical Footprint: Designator=C7 Old Footprint=C1206 New Footprint=C1206
Change Physical Footprint: Designator=C8 Old Footprint=C1206 New Footprint=C1206
Change Physical Footprint: Designator=C9 Old Footprint=C1206 New Footprint=C1206
Change Physical Footprint: Designator=C10 Old Footprint=C1206 New Footprint=C1206
Change Physical Footprint: Designator=C11 Old Footprint=C1206 New Footprint=C1206
Change Physical Footprint: Designator=C12 Old Footprint=C1206 New Footprint=C1206
Change Physical Footprint: Designator=C13 Old Footprint=C1206 New Footprint=C1206
Change Physical Footprint: Designator=C14 Old Footprint=C1206 New Footprint=C1206
Change Physical Footprint: Designator=C15 Old Footprint=C1206 New Footprint=C1206
Change Physical Footprint: Designator=C16 Old Footprint=C1206 New Footprint=C1206
Change Physical Footprint: Designator=C17 Old Footprint=C1206 New Footprint=C1206
Change Physical Footprint: Designator=C18 Old Footprint=C1206 New Footprint=C1206
Change Physical Footprint: Designator=C19 Old Footprint=C1206 New Footprint=C1206
Change Physical Footprint: Designator=D1 Old Footprint=1206 - LED New Footprint=1206 - LED
Change Physical Footprint: Designator=D2 Old Footprint=1206 - LED New Footprint=1206 - LED
Change Physical Footprint: Designator=D3 Old Footprint=1206 - LED New Footprint=1206 - LED
Change Physical Footprint: Designator=D4 Old Footprint=1206 - LED New Footprint=1206 - LED
Change Physical Footprint: Designator=D5 Old Footprint=1206 - LED New Footprint=1206 - LED
Change Physical Footprint: Designator=J1 Old Footprint=161 New Footprint=161
Change Physical Footprint: Designator=J2 Old Footprint=161 New Footprint=161
Change Physical Footprint: Designator=P1 Old Footprint=USB-MICRO-B_V New Footprint=USB-MICRO-B_V
Change Physical Footprint: Designator=P2 Old Footprint=HDR1X6H New Footprint=HDR1X6H
Change Physical Footprint: Designator=P3 Old Footprint=HDR2X5 New Footprint=HDR2X5
Change Physical Footprint: Designator=P4 Old Footprint=HDR1X2 New Footprint=HDR1X2
Change Physical Footprint: Designator=R1 Old Footprint=c1206 New Footprint=c1206
Change Physical Footprint: Designator=R2 Old Footprint=c1206 New Footprint=c1206
Change Physical Footprint: Designator=R3 Old Footprint=c1206 New Footprint=c1206
Change Physical Footprint: Designator=R4 Old Footprint=c1206 New Footprint=c1206
Change Physical Footprint: Designator=R5 Old Footprint=c1206 New Footprint=c1206
Change Physical Footprint: Designator=R6 Old Footprint=c1206 New Footprint=c1206
Change Physical Footprint: Designator=R7 Old Footprint=c1206 New Footprint=c1206
Change Physical Footprint: Designator=R8 Old Footprint=c1206 New Footprint=c1206
Change Physical Footprint: Designator=R9 Old Footprint=c1206 New Footprint=c1206
Change Physical Footprint: Designator=R10 Old Footprint=c1206 New Footprint=c1206
Change Physical Footprint: Designator=R11 Old Footprint=c1206 New Footprint=c1206
Change Physical Footprint: Designator=R12 Old Footprint=c1206 New Footprint=c1206
Change Physical Footprint: Designator=R13 Old Footprint=c1206 New Footprint=c1206
Change Physical Footprint: Designator=R14 Old Footprint=c1206 New Footprint=c1206
Change Physical Footprint: Designator=R15 Old Footprint=c1206 New Footprint=c1206
Change Physical Footprint: Designator=R16 Old Footprint=c1206 New Footprint=c1206
Change Physical Footprint: Designator=R17 Old Footprint=c1206 New Footprint=c1206
Change Physical Footprint: Designator=R18 Old Footprint=c1206 New Footprint=c1206
Change Physical Footprint: Designator=R19 Old Footprint=c1206 New Footprint=c1206
Change Physical Footprint: Designator=R20 Old Footprint=c1206 New Footprint=c1206
Change Physical Footprint: Designator=R21 Old Footprint=c1206 New Footprint=c1206
Change Physical Footprint: Designator=R22 Old Footprint=c1206 New Footprint=c1206
Change Physical Footprint: Designator=R23 Old Footprint=c1206 New Footprint=c1206
Change Physical Footprint: Designator=R24 Old Footprint=c1206 New Footprint=c1206
Change Physical Footprint: Designator=R25 Old Footprint=c1206 New Footprint=c1206
Change Physical Footprint: Designator=R26 Old Footprint=c1206 New Footprint=c1206
Change Physical Footprint: Designator=R27 Old Footprint=c1206 New Footprint=c1206
Change Physical Footprint: Designator=R28 Old Footprint=c1206 New Footprint=c1206
Change Physical Footprint: Designator=R29 Old Footprint=c1206 New Footprint=c1206
Change Physical Footprint: Designator=S1 Old Footprint=FSM100 New Footprint=FSM100
Change Physical Footprint: Designator=S2 Old Footprint=FSM100 New Footprint=FSM100
Change Physical Footprint: Designator=S3 Old Footprint=FSM100 New Footprint=FSM100
Change Physical Footprint: Designator=S4 Old Footprint=FSM100 New Footprint=FSM100
Change Physical Footprint: Designator=S5 Old Footprint=FSM100 New Footprint=FSM100
Change Physical Footprint: Designator=S6 Old Footprint=FSM100 New Footprint=FSM100
Change Physical Footprint: Designator=S7 Old Footprint=SWITCH New Footprint=SWITCH
Change Physical Footprint: Designator=U1 Old Footprint=LQFP-64_N New Footprint=LQFP-64_N
Change Physical Footprint: Designator=U2 Old Footprint=44A_N New Footprint=44A_N
Change Physical Footprint: Designator=U3 Old Footprint=OSCILADOR New Footprint=OSCILADOR
Change Physical Footprint: Designator=U4 Old Footprint=SOP8_N New Footprint=SOP8_N
Change Physical Footprint: Designator=U5 Old Footprint=QFN32 5x5mm SOT617-3 New Footprint=QFN32 5x5mm SOT617-3
Change Physical Footprint: Designator=U6 Old Footprint=PUSHBUTTON New Footprint=PUSHBUTTON
Change Physical Footprint: Designator=U7 Old Footprint=ZZ311 New Footprint=ZZ311
Change Physical Footprint: Designator=Y1 Old Footprint=CRYSTAL_HC49-US-SM New Footprint=CRYSTAL_HC49-US-SM
