Removed Pin From Net: NetName=VIDEO_FPGA_1 Pin=U1-2
Removed Pin From Net: NetName=VIDEO_FPGA_3 Pin=U1-3
Removed Pin From Net: NetName=VIDEO_FPGA_2 Pin=U1-4
Removed Pin From Net: NetName=TDI Pin=U1-9
Removed Pin From Net: NetName=TCK Pin=U1-10
Removed Pin From Net: NetName=TMS Pin=U1-11
Removed Pin From Net: NetName=SCL Pin=U1-12
Removed Pin From Net: NetName=BTN5 Pin=U1-13
Removed Pin From Net: NetName=UC_MISO Pin=U1-14
Removed Pin From Net: NetName=SCK Pin=U1-15
Removed Pin From Net: NetName=/SS Pin=U1-16
Removed Pin From Net: NetName=UC_MOSI Pin=U1-17
Removed Pin From Net: NetName=FPGA_VSYNC Pin=U1-18
Removed Pin From Net: NetName=FPGA_HSYNC Pin=U1-19
Removed Pin From Net: NetName=BTN6 Pin=U1-20
Removed Pin From Net: NetName=SDA Pin=U1-21
Removed Pin From Net: NetName=FLASH_SCK Pin=U1-23
Removed Pin From Net: NetName=/CS_FLASH Pin=U1-25
Removed Pin From Net: NetName=FLASH_MISO1 Pin=U1-26
Removed Pin From Net: NetName=FLASH_MOSI Pin=U1-27
Removed Pin From Net: NetName=FLASH_MISO2 Pin=U1-28
Removed Pin From Net: NetName=FLASH_MISO3 Pin=U1-31
Removed Pin From Net: NetName=/CS_RAM Pin=U1-32
Removed Pin From Net: NetName=RAM_MISO1 Pin=U1-36
Removed Pin From Net: NetName=CLK_16.000MHZ Pin=U1-37
Removed Pin From Net: NetName=RAM_MISO3 Pin=U1-38
Removed Pin From Net: NetName=VGA_B0 Pin=U1-42
Removed Pin From Net: NetName=RAM_MISO2 Pin=U1-43
Removed Pin From Net: NetName=VGA_G0 Pin=U1-44
Removed Pin From Net: NetName=AUDIO_FPGA Pin=U1-45
Removed Pin From Net: NetName=VGA_R0 Pin=U1-46
Removed Pin From Net: NetName=VGA_R1 Pin=U1-47
Removed Pin From Net: NetName=VGA_G1 Pin=U1-48
Added Pin To Net: NetName=TMS Pin=U1-2
Added Pin To Net: NetName=TCK Pin=U1-3
Added Pin To Net: NetName=TDI Pin=U1-4
Added Pin To Net: NetName=SDA Pin=U1-9
Added Pin To Net: NetName=SCL Pin=U1-10
Added Pin To Net: NetName=FPGA_VSYNC Pin=U1-11
Added Pin To Net: NetName=FPGA_HSYNC Pin=U1-12
Added Pin To Net: NetName=VGA_B0 Pin=U1-13
Added Pin To Net: NetName=VGA_G1 Pin=U1-14
Added Pin To Net: NetName=VGA_G0 Pin=U1-15
Added Pin To Net: NetName=VGA_R1 Pin=U1-16
Added Pin To Net: NetName=VGA_R0 Pin=U1-17
Added Pin To Net: NetName=VIDEO_FPGA_3 Pin=U1-18
Added Pin To Net: NetName=VIDEO_FPGA_2 Pin=U1-19
Added Pin To Net: NetName=VIDEO_FPGA_1 Pin=U1-20
Added Pin To Net: NetName=AUDIO_FPGA Pin=U1-21
Added Pin To Net: NetName=FLASH_MISO3 Pin=U1-23
Added Pin To Net: NetName=FLASH_SCK Pin=U1-25
Added Pin To Net: NetName=FLASH_MOSI Pin=U1-26
Added Pin To Net: NetName=/CS_FLASH Pin=U1-27
Added Pin To Net: NetName=FLASH_MISO1 Pin=U1-28
Added Pin To Net: NetName=FLASH_MISO2 Pin=U1-31
Added Pin To Net: NetName=RAM_MISO3 Pin=U1-32
Added Pin To Net: NetName=/CS_RAM Pin=U1-36
Added Pin To Net: NetName=RAM_MISO1 Pin=U1-37
Added Pin To Net: NetName=RAM_MISO2 Pin=U1-38
Added Pin To Net: NetName=BTN5 Pin=U1-42
Added Pin To Net: NetName=BTN6 Pin=U1-43
Added Pin To Net: NetName=CLK_16.000MHZ Pin=U1-44
Added Pin To Net: NetName=SCK Pin=U1-45
Added Pin To Net: NetName=UC_MISO Pin=U1-46
Added Pin To Net: NetName=UC_MOSI Pin=U1-47
Added Pin To Net: NetName=/SS Pin=U1-48
Added Room: Name=Arriquitaun2
Added Room: Name=Arriquitaun
